<?xml version="1.0" encoding="UTF-8"?>
<!-- Generated by org.testng.reporters.JUnitXMLReporter -->
<testsuite hostname="TrUser110" ignored="2" name="MultipleTest" tests="2" failures="1" timestamp="30 Nov 2019 08:40:42 GMT" time="7.518" errors="0">
  <testcase name="SimpleTest" time="7.403" classname="com.TestNGtest.TestCase1"/>
  <testcase name="SimpleTest" time="0.004" classname="com.TestNGtest.TestCase2">
    <failure type="java.lang.NullPointerException">
      <![CDATA[java.lang.NullPointerException
at com.TestNGtest.TestCase2.SimpleTest(TestCase2.java:10)
... Removed 25 stack frames]]>
    </failure>
  </testcase> <!-- SimpleTest -->
  <testcase name="@BeforeSuite BrowserConfig" time="0.0" classname="com.TestNGtest.TestBase">
    <ignored/>
  </testcase> <!-- @BeforeSuite BrowserConfig -->
  <testcase name="@AfterSuite TestClose" time="0.0" classname="com.TestNGtest.TestBase">
    <ignored/>
  </testcase> <!-- @AfterSuite TestClose -->
</testsuite> <!-- MultipleTest -->
