<?xml version="1.0" encoding="UTF-8"?>
<!-- Generated by org.testng.reporters.JUnitXMLReporter -->
<testsuite hostname="TrUser110" ignored="3" name="TestCase1" tests="2" failures="1" timestamp="30 Nov 2019 09:04:33 GMT" time="12.582" errors="0">
  <testcase name="SimpleTest" time="12.519" classname="com.TestNGtest.TestCase1"/>
  <testcase name="SimpleTest" time="0.002" classname="com.TestNGtest.TestCase2">
    <failure type="java.lang.NullPointerException">
      <![CDATA[java.lang.NullPointerException
at com.TestNGtest.TestCase2.SimpleTest(TestCase2.java:10)
... Removed 25 stack frames]]>
    </failure>
  </testcase> <!-- SimpleTest -->
  <testcase name="@BeforeSuite BrowserConfig" time="0.0" classname="com.TestNGtest.TestBase">
    <ignored/>
  </testcase> <!-- @BeforeSuite BrowserConfig -->
  <testcase name="@AfterSuite TestClose" time="0.0" classname="com.TestNGtest.TestBase">
    <ignored/>
  </testcase> <!-- @AfterSuite TestClose -->
  <testcase name="@BeforeTest beforeTest" time="0.0" classname="com.TestNGtest.TestBase">
    <ignored/>
  </testcase> <!-- @BeforeTest beforeTest -->
</testsuite> <!-- TestCase1 -->
