<?xml version="1.0" encoding="UTF-8"?>
<testng-results skipped="0" failed="0" ignored="0" total="1" passed="1">
  <reporter-output>
  </reporter-output>
  <suite name="Default suite" duration-ms="20000" started-at="2019-12-07T11:42:13Z" finished-at="2019-12-07T11:42:33Z">
    <groups>
    </groups>
    <test name="Default test" duration-ms="20000" started-at="2019-12-07T11:42:13Z" finished-at="2019-12-07T11:42:33Z">
      <class name="com.ExtentReports.ExtentReportsTest">
        <test-method status="PASS" signature="f()[pri:0, instance:com.ExtentReports.ExtentReportsTest@31a5c39e]" name="f" duration-ms="19903" started-at="2019-12-07T11:42:13Z" finished-at="2019-12-07T11:42:33Z">
          <reporter-output>
          </reporter-output>
        </test-method> <!-- f -->
      </class> <!-- com.ExtentReports.ExtentReportsTest -->
    </test> <!-- Default test -->
  </suite> <!-- Default suite -->
</testng-results>
